Jul 30, 2016 9:19:01 PM org.apache.catalina.startup.VersionLoggerListener log
INFO: Server version:        Apache Tomcat/7.0.70
Jul 30, 2016 9:19:01 PM org.apache.catalina.startup.VersionLoggerListener log
INFO: Server built:          Jun 15 2016 16:27:45 UTC
Jul 30, 2016 9:19:01 PM org.apache.catalina.startup.VersionLoggerListener log
INFO: Server number:         7.0.70.0
Jul 30, 2016 9:19:01 PM org.apache.catalina.startup.VersionLoggerListener log
INFO: OS Name:               Windows 7
Jul 30, 2016 9:19:01 PM org.apache.catalina.startup.VersionLoggerListener log
INFO: OS Version:            6.1
Jul 30, 2016 9:19:01 PM org.apache.catalina.startup.VersionLoggerListener log
INFO: Architecture:          amd64
Jul 30, 2016 9:19:01 PM org.apache.catalina.startup.VersionLoggerListener log
INFO: Java Home:             C:\Program Files\Java\jdk1.7.0_79\jre
Jul 30, 2016 9:19:01 PM org.apache.catalina.startup.VersionLoggerListener log
INFO: JVM Version:           1.7.0_79-b15
Jul 30, 2016 9:19:01 PM org.apache.catalina.startup.VersionLoggerListener log
INFO: JVM Vendor:            Oracle Corporation
Jul 30, 2016 9:19:01 PM org.apache.catalina.startup.VersionLoggerListener log
INFO: CATALINA_BASE:         D:\Tomcat_Server\Tomcat_cluester\tomcatC
Jul 30, 2016 9:19:01 PM org.apache.catalina.startup.VersionLoggerListener log
INFO: CATALINA_HOME:         D:\Tomcat_Server\Tomcat_cluester\tomcatC
Jul 30, 2016 9:19:01 PM org.apache.catalina.startup.VersionLoggerListener log
INFO: Command line argument: -Djdk.tls.ephemeralDHKeySize=2048
Jul 30, 2016 9:19:01 PM org.apache.catalina.startup.VersionLoggerListener log
INFO: Command line argument: -Djava.util.logging.config.file=D:\Tomcat_Server\Tomcat_cluester\tomcatC\conf\logging.properties
Jul 30, 2016 9:19:01 PM org.apache.catalina.startup.VersionLoggerListener log
INFO: Command line argument: -Djava.util.logging.manager=org.apache.juli.ClassLoaderLogManager
Jul 30, 2016 9:19:01 PM org.apache.catalina.startup.VersionLoggerListener log
INFO: Command line argument: -Djava.endorsed.dirs=D:\Tomcat_Server\Tomcat_cluester\tomcatC\endorsed
Jul 30, 2016 9:19:01 PM org.apache.catalina.startup.VersionLoggerListener log
INFO: Command line argument: -Dcatalina.base=D:\Tomcat_Server\Tomcat_cluester\tomcatC
Jul 30, 2016 9:19:01 PM org.apache.catalina.startup.VersionLoggerListener log
INFO: Command line argument: -Dcatalina.home=D:\Tomcat_Server\Tomcat_cluester\tomcatC
Jul 30, 2016 9:19:01 PM org.apache.catalina.startup.VersionLoggerListener log
INFO: Command line argument: -Djava.io.tmpdir=D:\Tomcat_Server\Tomcat_cluester\tomcatC\temp
Jul 30, 2016 9:19:01 PM org.apache.catalina.core.AprLifecycleListener lifecycleEvent
INFO: The APR based Apache Tomcat Native library which allows optimal performance in production environments was not found on the java.library.path: C:\Program Files\Java\jdk1.7.0_79\bin;C:\windows\Sun\Java\bin;C:\windows\system32;C:\windows;c:\Oracle\product\11.2.0\client_1\bin;C:\windows\system32;C:\windows;C:\Program Files\Java\jdk1.7.0_79\bin;C:\windows\System32\Wbem;C:\windows\System32\WindowsPowerShell\v1.0\;C:\Program Files (x86)\Skype\Phone\;C:\apache-maven-3.3.9\bin;.
Jul 30, 2016 9:19:01 PM org.apache.coyote.AbstractProtocol init
INFO: Initializing ProtocolHandler ["http-bio-8083"]
Jul 30, 2016 9:19:01 PM org.apache.coyote.AbstractProtocol init
INFO: Initializing ProtocolHandler ["ajp-bio-8309"]
Jul 30, 2016 9:19:01 PM org.apache.catalina.startup.Catalina load
INFO: Initialization processed in 1693 ms
Jul 30, 2016 9:19:02 PM org.apache.catalina.core.StandardService startInternal
INFO: Starting service Catalina
Jul 30, 2016 9:19:02 PM org.apache.catalina.core.StandardEngine startInternal
INFO: Starting Servlet Engine: Apache Tomcat/7.0.70
Jul 30, 2016 9:19:02 PM org.apache.catalina.ha.tcp.SimpleTcpCluster startInternal
INFO: Cluster is about to start
Jul 30, 2016 9:19:02 PM org.apache.catalina.tribes.transport.ReceiverBase bind
INFO: Receiver Server Socket bound to:/192.168.249.202:4000
Jul 30, 2016 9:19:02 PM org.apache.catalina.tribes.util.UUIDGenerator <clinit>
INFO: Creation of SecureRandom instance for UUID generation using [SHA1PRNG] took [105] milliseconds.
Jul 30, 2016 9:19:02 PM org.apache.catalina.tribes.membership.McastServiceImpl setupSocket
INFO: Setting cluster mcast soTimeout to 500
Jul 30, 2016 9:19:02 PM org.apache.catalina.tribes.membership.McastServiceImpl waitForMembers
INFO: Sleeping for 1000 milliseconds to establish cluster membership, start level:4
Jul 30, 2016 9:19:03 PM org.apache.catalina.tribes.membership.McastServiceImpl waitForMembers
INFO: Done sleeping, membership established, start level:4
Jul 30, 2016 9:19:03 PM org.apache.catalina.tribes.membership.McastServiceImpl waitForMembers
INFO: Sleeping for 1000 milliseconds to establish cluster membership, start level:8
Jul 30, 2016 9:19:04 PM org.apache.catalina.tribes.membership.McastServiceImpl waitForMembers
INFO: Done sleeping, membership established, start level:8
Jul 30, 2016 9:19:04 PM org.apache.catalina.startup.HostConfig deployDirectory
INFO: Deploying web application directory D:\Tomcat_Server\Tomcat_cluester\tomcatC\webapps\cluster
Jul 30, 2016 9:19:04 PM org.apache.catalina.ha.session.DeltaManager startInternal
INFO: Register manager localhost#/cluster to cluster element Engine with name Catalina
Jul 30, 2016 9:19:04 PM org.apache.catalina.ha.session.DeltaManager startInternal
INFO: Starting clustering manager at localhost#/cluster
Jul 30, 2016 9:19:04 PM org.apache.catalina.ha.session.DeltaManager getAllClusterSessions
INFO: Manager [localhost#/cluster]: skipping state transfer. No members active in cluster group.
Jul 30, 2016 9:19:04 PM org.apache.catalina.startup.HostConfig deployDirectory
INFO: Deployment of web application directory D:\Tomcat_Server\Tomcat_cluester\tomcatC\webapps\cluster has finished in 596 ms
Jul 30, 2016 9:19:05 PM org.apache.catalina.startup.HostConfig deployDirectory
INFO: Deploying web application directory D:\Tomcat_Server\Tomcat_cluester\tomcatC\webapps\docs
Jul 30, 2016 9:19:05 PM org.apache.catalina.startup.HostConfig deployDirectory
INFO: Deployment of web application directory D:\Tomcat_Server\Tomcat_cluester\tomcatC\webapps\docs has finished in 70 ms
Jul 30, 2016 9:19:05 PM org.apache.catalina.startup.HostConfig deployDirectory
INFO: Deploying web application directory D:\Tomcat_Server\Tomcat_cluester\tomcatC\webapps\examples
Jul 30, 2016 9:19:05 PM org.apache.catalina.startup.HostConfig deployDirectory
INFO: Deployment of web application directory D:\Tomcat_Server\Tomcat_cluester\tomcatC\webapps\examples has finished in 863 ms
Jul 30, 2016 9:19:05 PM org.apache.catalina.startup.HostConfig deployDirectory
INFO: Deploying web application directory D:\Tomcat_Server\Tomcat_cluester\tomcatC\webapps\host-manager
Jul 30, 2016 9:19:06 PM org.apache.catalina.startup.HostConfig deployDirectory
INFO: Deployment of web application directory D:\Tomcat_Server\Tomcat_cluester\tomcatC\webapps\host-manager has finished in 107 ms
Jul 30, 2016 9:19:06 PM org.apache.catalina.startup.HostConfig deployDirectory
INFO: Deploying web application directory D:\Tomcat_Server\Tomcat_cluester\tomcatC\webapps\manager
Jul 30, 2016 9:19:06 PM org.apache.catalina.startup.HostConfig deployDirectory
INFO: Deployment of web application directory D:\Tomcat_Server\Tomcat_cluester\tomcatC\webapps\manager has finished in 76 ms
Jul 30, 2016 9:19:06 PM org.apache.catalina.startup.HostConfig deployDirectory
INFO: Deploying web application directory D:\Tomcat_Server\Tomcat_cluester\tomcatC\webapps\ROOT
Jul 30, 2016 9:19:06 PM org.apache.catalina.startup.HostConfig deployDirectory
INFO: Deployment of web application directory D:\Tomcat_Server\Tomcat_cluester\tomcatC\webapps\ROOT has finished in 55 ms
Jul 30, 2016 9:19:06 PM org.apache.catalina.ha.session.JvmRouteBinderValve startInternal
INFO: JvmRouteBinderValve started
Jul 30, 2016 9:19:06 PM org.apache.coyote.AbstractProtocol start
INFO: Starting ProtocolHandler ["http-bio-8083"]
Jul 30, 2016 9:19:06 PM org.apache.coyote.AbstractProtocol start
INFO: Starting ProtocolHandler ["ajp-bio-8309"]
Jul 30, 2016 9:19:06 PM org.apache.catalina.startup.Catalina start
INFO: Server startup in 4210 ms
Jul 30, 2016 9:25:31 PM org.apache.catalina.startup.VersionLoggerListener log
INFO: Server version:        Apache Tomcat/7.0.70
Jul 30, 2016 9:25:31 PM org.apache.catalina.startup.VersionLoggerListener log
INFO: Server built:          Jun 15 2016 16:27:45 UTC
Jul 30, 2016 9:25:31 PM org.apache.catalina.startup.VersionLoggerListener log
INFO: Server number:         7.0.70.0
Jul 30, 2016 9:25:31 PM org.apache.catalina.startup.VersionLoggerListener log
INFO: OS Name:               Windows 7
Jul 30, 2016 9:25:31 PM org.apache.catalina.startup.VersionLoggerListener log
INFO: OS Version:            6.1
Jul 30, 2016 9:25:31 PM org.apache.catalina.startup.VersionLoggerListener log
INFO: Architecture:          amd64
Jul 30, 2016 9:25:31 PM org.apache.catalina.startup.VersionLoggerListener log
INFO: Java Home:             C:\Program Files\Java\jdk1.7.0_79\jre
Jul 30, 2016 9:25:31 PM org.apache.catalina.startup.VersionLoggerListener log
INFO: JVM Version:           1.7.0_79-b15
Jul 30, 2016 9:25:31 PM org.apache.catalina.startup.VersionLoggerListener log
INFO: JVM Vendor:            Oracle Corporation
Jul 30, 2016 9:25:31 PM org.apache.catalina.startup.VersionLoggerListener log
INFO: CATALINA_BASE:         D:\Tomcat_Server\Tomcat_cluester\tomcatC
Jul 30, 2016 9:25:31 PM org.apache.catalina.startup.VersionLoggerListener log
INFO: CATALINA_HOME:         D:\Tomcat_Server\Tomcat_cluester\tomcatC
Jul 30, 2016 9:25:31 PM org.apache.catalina.startup.VersionLoggerListener log
INFO: Command line argument: -Djdk.tls.ephemeralDHKeySize=2048
Jul 30, 2016 9:25:31 PM org.apache.catalina.startup.VersionLoggerListener log
INFO: Command line argument: -Djava.util.logging.config.file=D:\Tomcat_Server\Tomcat_cluester\tomcatC\conf\logging.properties
Jul 30, 2016 9:25:31 PM org.apache.catalina.startup.VersionLoggerListener log
INFO: Command line argument: -Djava.util.logging.manager=org.apache.juli.ClassLoaderLogManager
Jul 30, 2016 9:25:31 PM org.apache.catalina.startup.VersionLoggerListener log
INFO: Command line argument: -Djava.endorsed.dirs=D:\Tomcat_Server\Tomcat_cluester\tomcatC\endorsed
Jul 30, 2016 9:25:31 PM org.apache.catalina.startup.VersionLoggerListener log
INFO: Command line argument: -Dcatalina.base=D:\Tomcat_Server\Tomcat_cluester\tomcatC
Jul 30, 2016 9:25:31 PM org.apache.catalina.startup.VersionLoggerListener log
INFO: Command line argument: -Dcatalina.home=D:\Tomcat_Server\Tomcat_cluester\tomcatC
Jul 30, 2016 9:25:31 PM org.apache.catalina.startup.VersionLoggerListener log
INFO: Command line argument: -Djava.io.tmpdir=D:\Tomcat_Server\Tomcat_cluester\tomcatC\temp
Jul 30, 2016 9:25:31 PM org.apache.catalina.core.AprLifecycleListener lifecycleEvent
INFO: The APR based Apache Tomcat Native library which allows optimal performance in production environments was not found on the java.library.path: C:\Program Files\Java\jdk1.7.0_79\bin;C:\windows\Sun\Java\bin;C:\windows\system32;C:\windows;c:\Oracle\product\11.2.0\client_1\bin;C:\windows\system32;C:\windows;C:\Program Files\Java\jdk1.7.0_79\bin;C:\windows\System32\Wbem;C:\windows\System32\WindowsPowerShell\v1.0\;C:\Program Files (x86)\Skype\Phone\;C:\apache-maven-3.3.9\bin;.
Jul 30, 2016 9:25:31 PM org.apache.coyote.AbstractProtocol init
INFO: Initializing ProtocolHandler ["http-bio-8083"]
Jul 30, 2016 9:25:31 PM org.apache.coyote.AbstractProtocol init
INFO: Initializing ProtocolHandler ["ajp-bio-8309"]
Jul 30, 2016 9:25:31 PM org.apache.catalina.startup.Catalina load
INFO: Initialization processed in 647 ms
Jul 30, 2016 9:25:31 PM org.apache.catalina.core.StandardService startInternal
INFO: Starting service Catalina
Jul 30, 2016 9:25:31 PM org.apache.catalina.core.StandardEngine startInternal
INFO: Starting Servlet Engine: Apache Tomcat/7.0.70
Jul 30, 2016 9:25:31 PM org.apache.catalina.ha.tcp.SimpleTcpCluster startInternal
INFO: Cluster is about to start
Jul 30, 2016 9:25:31 PM org.apache.catalina.tribes.transport.ReceiverBase bind
INFO: Receiver Server Socket bound to:/192.168.249.202:4002
Jul 30, 2016 9:25:31 PM org.apache.catalina.tribes.util.UUIDGenerator <clinit>
INFO: Creation of SecureRandom instance for UUID generation using [SHA1PRNG] took [110] milliseconds.
Jul 30, 2016 9:25:31 PM org.apache.catalina.tribes.membership.McastServiceImpl setupSocket
INFO: Setting cluster mcast soTimeout to 500
Jul 30, 2016 9:25:31 PM org.apache.catalina.tribes.membership.McastServiceImpl waitForMembers
INFO: Sleeping for 1000 milliseconds to establish cluster membership, start level:4
Jul 30, 2016 9:25:31 PM org.apache.catalina.ha.tcp.SimpleTcpCluster memberAdded
INFO: Replication member added:org.apache.catalina.tribes.membership.MemberImpl[tcp://{192, 168, 249, 202}:4000,{192, 168, 249, 202},4000, alive=45521, securePort=-1, UDP Port=-1, id={112 109 -100 -81 25 -52 66 113 -89 41 -16 -85 75 35 100 -74 }, payload={}, command={}, domain={}, ]
Jul 30, 2016 9:25:31 PM org.apache.catalina.ha.tcp.SimpleTcpCluster memberAdded
INFO: Replication member added:org.apache.catalina.tribes.membership.MemberImpl[tcp://{192, 168, 249, 202}:4001,{192, 168, 249, 202},4001, alive=35014, securePort=-1, UDP Port=-1, id={11 89 -58 -105 -50 29 73 52 -91 -63 101 86 -28 -71 -120 77 }, payload={}, command={}, domain={}, ]
Jul 30, 2016 9:25:32 PM org.apache.catalina.tribes.membership.McastServiceImpl waitForMembers
INFO: Done sleeping, membership established, start level:4
Jul 30, 2016 9:25:32 PM org.apache.catalina.tribes.membership.McastServiceImpl waitForMembers
INFO: Sleeping for 1000 milliseconds to establish cluster membership, start level:8
Jul 30, 2016 9:25:32 PM org.apache.catalina.tribes.io.BufferPool getBufferPool
INFO: Created a buffer pool with max size:104857600 bytes of type:org.apache.catalina.tribes.io.BufferPool15Impl
Jul 30, 2016 9:25:33 PM org.apache.catalina.tribes.membership.McastServiceImpl waitForMembers
INFO: Done sleeping, membership established, start level:8
Jul 30, 2016 9:25:33 PM org.apache.catalina.startup.HostConfig deployDirectory
INFO: Deploying web application directory D:\Tomcat_Server\Tomcat_cluester\tomcatC\webapps\cluster
Jul 30, 2016 9:25:34 PM org.apache.catalina.ha.session.DeltaManager startInternal
INFO: Register manager localhost#/cluster to cluster element Engine with name Catalina
Jul 30, 2016 9:25:34 PM org.apache.catalina.ha.session.DeltaManager startInternal
INFO: Starting clustering manager at localhost#/cluster
Jul 30, 2016 9:25:34 PM org.apache.catalina.ha.session.DeltaManager getAllClusterSessions
INFO: Manager [localhost#/cluster], requesting session state from org.apache.catalina.tribes.membership.MemberImpl[tcp://{192, 168, 249, 202}:4000,{192, 168, 249, 202},4000, alive=47521, securePort=-1, UDP Port=-1, id={112 109 -100 -81 25 -52 66 113 -89 41 -16 -85 75 35 100 -74 }, payload={}, command={}, domain={}, ]. This operation will timeout if no session state has been received within 60 seconds.
Jul 30, 2016 9:25:34 PM org.apache.catalina.ha.session.DeltaManager waitForSendAllSessions
INFO: Manager [localhost#/cluster]; session state send at 7/30/16 9:25 PM received in 108 ms.
Jul 30, 2016 9:25:34 PM org.apache.catalina.startup.HostConfig deployDirectory
INFO: Deployment of web application directory D:\Tomcat_Server\Tomcat_cluester\tomcatC\webapps\cluster has finished in 549 ms
Jul 30, 2016 9:25:34 PM org.apache.catalina.startup.HostConfig deployDirectory
INFO: Deploying web application directory D:\Tomcat_Server\Tomcat_cluester\tomcatC\webapps\docs
Jul 30, 2016 9:25:34 PM org.apache.catalina.startup.HostConfig deployDirectory
INFO: Deployment of web application directory D:\Tomcat_Server\Tomcat_cluester\tomcatC\webapps\docs has finished in 48 ms
Jul 30, 2016 9:25:34 PM org.apache.catalina.startup.HostConfig deployDirectory
INFO: Deploying web application directory D:\Tomcat_Server\Tomcat_cluester\tomcatC\webapps\examples
Jul 30, 2016 9:25:34 PM org.apache.catalina.startup.HostConfig deployDirectory
INFO: Deployment of web application directory D:\Tomcat_Server\Tomcat_cluester\tomcatC\webapps\examples has finished in 284 ms
Jul 30, 2016 9:25:34 PM org.apache.catalina.startup.HostConfig deployDirectory
INFO: Deploying web application directory D:\Tomcat_Server\Tomcat_cluester\tomcatC\webapps\host-manager
Jul 30, 2016 9:25:34 PM org.apache.catalina.startup.HostConfig deployDirectory
INFO: Deployment of web application directory D:\Tomcat_Server\Tomcat_cluester\tomcatC\webapps\host-manager has finished in 71 ms
Jul 30, 2016 9:25:34 PM org.apache.catalina.startup.HostConfig deployDirectory
INFO: Deploying web application directory D:\Tomcat_Server\Tomcat_cluester\tomcatC\webapps\manager
Jul 30, 2016 9:25:34 PM org.apache.catalina.startup.HostConfig deployDirectory
INFO: Deployment of web application directory D:\Tomcat_Server\Tomcat_cluester\tomcatC\webapps\manager has finished in 67 ms
Jul 30, 2016 9:25:34 PM org.apache.catalina.startup.HostConfig deployDirectory
INFO: Deploying web application directory D:\Tomcat_Server\Tomcat_cluester\tomcatC\webapps\ROOT
Jul 30, 2016 9:25:34 PM org.apache.catalina.startup.HostConfig deployDirectory
INFO: Deployment of web application directory D:\Tomcat_Server\Tomcat_cluester\tomcatC\webapps\ROOT has finished in 66 ms
Jul 30, 2016 9:25:34 PM org.apache.catalina.ha.session.JvmRouteBinderValve startInternal
INFO: JvmRouteBinderValve started
Jul 30, 2016 9:25:34 PM org.apache.coyote.AbstractProtocol start
INFO: Starting ProtocolHandler ["http-bio-8083"]
Jul 30, 2016 9:25:34 PM org.apache.coyote.AbstractProtocol start
INFO: Starting ProtocolHandler ["ajp-bio-8309"]
Jul 30, 2016 9:25:34 PM org.apache.catalina.startup.Catalina start
INFO: Server startup in 3308 ms
Jul 30, 2016 9:27:07 PM org.apache.catalina.startup.VersionLoggerListener log
INFO: Server version:        Apache Tomcat/7.0.70
Jul 30, 2016 9:27:07 PM org.apache.catalina.startup.VersionLoggerListener log
INFO: Server built:          Jun 15 2016 16:27:45 UTC
Jul 30, 2016 9:27:07 PM org.apache.catalina.startup.VersionLoggerListener log
INFO: Server number:         7.0.70.0
Jul 30, 2016 9:27:07 PM org.apache.catalina.startup.VersionLoggerListener log
INFO: OS Name:               Windows 7
Jul 30, 2016 9:27:07 PM org.apache.catalina.startup.VersionLoggerListener log
INFO: OS Version:            6.1
Jul 30, 2016 9:27:07 PM org.apache.catalina.startup.VersionLoggerListener log
INFO: Architecture:          amd64
Jul 30, 2016 9:27:07 PM org.apache.catalina.startup.VersionLoggerListener log
INFO: Java Home:             C:\Program Files\Java\jdk1.7.0_79\jre
Jul 30, 2016 9:27:07 PM org.apache.catalina.startup.VersionLoggerListener log
INFO: JVM Version:           1.7.0_79-b15
Jul 30, 2016 9:27:07 PM org.apache.catalina.startup.VersionLoggerListener log
INFO: JVM Vendor:            Oracle Corporation
Jul 30, 2016 9:27:07 PM org.apache.catalina.startup.VersionLoggerListener log
INFO: CATALINA_BASE:         D:\Tomcat_Server\Tomcat_cluester\tomcatC
Jul 30, 2016 9:27:07 PM org.apache.catalina.startup.VersionLoggerListener log
INFO: CATALINA_HOME:         D:\Tomcat_Server\Tomcat_cluester\tomcatC
Jul 30, 2016 9:27:07 PM org.apache.catalina.startup.VersionLoggerListener log
INFO: Command line argument: -Djdk.tls.ephemeralDHKeySize=2048
Jul 30, 2016 9:27:07 PM org.apache.catalina.startup.VersionLoggerListener log
INFO: Command line argument: -Djava.util.logging.config.file=D:\Tomcat_Server\Tomcat_cluester\tomcatC\conf\logging.properties
Jul 30, 2016 9:27:07 PM org.apache.catalina.startup.VersionLoggerListener log
INFO: Command line argument: -Djava.util.logging.manager=org.apache.juli.ClassLoaderLogManager
Jul 30, 2016 9:27:07 PM org.apache.catalina.startup.VersionLoggerListener log
INFO: Command line argument: -Djava.endorsed.dirs=D:\Tomcat_Server\Tomcat_cluester\tomcatC\endorsed
Jul 30, 2016 9:27:07 PM org.apache.catalina.startup.VersionLoggerListener log
INFO: Command line argument: -Dcatalina.base=D:\Tomcat_Server\Tomcat_cluester\tomcatC
Jul 30, 2016 9:27:07 PM org.apache.catalina.startup.VersionLoggerListener log
INFO: Command line argument: -Dcatalina.home=D:\Tomcat_Server\Tomcat_cluester\tomcatC
Jul 30, 2016 9:27:07 PM org.apache.catalina.startup.VersionLoggerListener log
INFO: Command line argument: -Djava.io.tmpdir=D:\Tomcat_Server\Tomcat_cluester\tomcatC\temp
Jul 30, 2016 9:27:07 PM org.apache.catalina.core.AprLifecycleListener lifecycleEvent
INFO: The APR based Apache Tomcat Native library which allows optimal performance in production environments was not found on the java.library.path: C:\Program Files\Java\jdk1.7.0_79\bin;C:\windows\Sun\Java\bin;C:\windows\system32;C:\windows;c:\Oracle\product\11.2.0\client_1\bin;C:\windows\system32;C:\windows;C:\Program Files\Java\jdk1.7.0_79\bin;C:\windows\System32\Wbem;C:\windows\System32\WindowsPowerShell\v1.0\;C:\Program Files (x86)\Skype\Phone\;C:\apache-maven-3.3.9\bin;.
Jul 30, 2016 9:27:07 PM org.apache.coyote.AbstractProtocol init
INFO: Initializing ProtocolHandler ["http-bio-8083"]
Jul 30, 2016 9:27:07 PM org.apache.coyote.AbstractProtocol init
INFO: Initializing ProtocolHandler ["ajp-bio-8309"]
Jul 30, 2016 9:27:07 PM org.apache.catalina.startup.Catalina load
INFO: Initialization processed in 633 ms
Jul 30, 2016 9:27:07 PM org.apache.catalina.core.StandardService startInternal
INFO: Starting service Catalina
Jul 30, 2016 9:27:07 PM org.apache.catalina.core.StandardEngine startInternal
INFO: Starting Servlet Engine: Apache Tomcat/7.0.70
Jul 30, 2016 9:27:07 PM org.apache.catalina.ha.tcp.SimpleTcpCluster startInternal
INFO: Cluster is about to start
Jul 30, 2016 9:27:07 PM org.apache.catalina.tribes.transport.ReceiverBase bind
INFO: Receiver Server Socket bound to:/192.168.249.202:4002
Jul 30, 2016 9:27:08 PM org.apache.catalina.tribes.util.UUIDGenerator <clinit>
INFO: Creation of SecureRandom instance for UUID generation using [SHA1PRNG] took [117] milliseconds.
Jul 30, 2016 9:27:08 PM org.apache.catalina.tribes.membership.McastServiceImpl setupSocket
INFO: Setting cluster mcast soTimeout to 500
Jul 30, 2016 9:27:08 PM org.apache.catalina.tribes.membership.McastServiceImpl waitForMembers
INFO: Sleeping for 1000 milliseconds to establish cluster membership, start level:4
Jul 30, 2016 9:27:08 PM org.apache.catalina.ha.tcp.SimpleTcpCluster memberAdded
INFO: Replication member added:org.apache.catalina.tribes.membership.MemberImpl[tcp://{192, 168, 249, 202}:4000,{192, 168, 249, 202},4000, alive=18022, securePort=-1, UDP Port=-1, id={-69 124 4 9 -68 96 68 -83 -103 107 -38 120 -93 82 78 59 }, payload={}, command={}, domain={}, ]
Jul 30, 2016 9:27:08 PM org.apache.catalina.ha.tcp.SimpleTcpCluster memberAdded
INFO: Replication member added:org.apache.catalina.tribes.membership.MemberImpl[tcp://{192, 168, 249, 202}:4001,{192, 168, 249, 202},4001, alive=11012, securePort=-1, UDP Port=-1, id={-58 16 -14 -104 43 -111 69 -118 -80 39 15 55 -55 -13 -30 -46 }, payload={}, command={}, domain={}, ]
Jul 30, 2016 9:27:09 PM org.apache.catalina.tribes.membership.McastServiceImpl waitForMembers
INFO: Done sleeping, membership established, start level:4
Jul 30, 2016 9:27:09 PM org.apache.catalina.tribes.membership.McastServiceImpl waitForMembers
INFO: Sleeping for 1000 milliseconds to establish cluster membership, start level:8
Jul 30, 2016 9:27:09 PM org.apache.catalina.tribes.io.BufferPool getBufferPool
INFO: Created a buffer pool with max size:104857600 bytes of type:org.apache.catalina.tribes.io.BufferPool15Impl
Jul 30, 2016 9:27:10 PM org.apache.catalina.tribes.membership.McastServiceImpl waitForMembers
INFO: Done sleeping, membership established, start level:8
Jul 30, 2016 9:27:10 PM org.apache.catalina.startup.HostConfig deployDirectory
INFO: Deploying web application directory D:\Tomcat_Server\Tomcat_cluester\tomcatC\webapps\cluster
Jul 30, 2016 9:27:10 PM org.apache.catalina.ha.session.DeltaManager startInternal
INFO: Register manager localhost#/cluster to cluster element Engine with name Catalina
Jul 30, 2016 9:27:10 PM org.apache.catalina.ha.session.DeltaManager startInternal
INFO: Starting clustering manager at localhost#/cluster
Jul 30, 2016 9:27:10 PM org.apache.catalina.ha.session.DeltaManager getAllClusterSessions
INFO: Manager [localhost#/cluster], requesting session state from org.apache.catalina.tribes.membership.MemberImpl[tcp://{192, 168, 249, 202}:4000,{192, 168, 249, 202},4000, alive=20022, securePort=-1, UDP Port=-1, id={-69 124 4 9 -68 96 68 -83 -103 107 -38 120 -93 82 78 59 }, payload={}, command={}, domain={}, ]. This operation will timeout if no session state has been received within 60 seconds.
Jul 30, 2016 9:27:10 PM org.apache.catalina.ha.session.DeltaManager waitForSendAllSessions
INFO: Manager [localhost#/cluster]; session state send at 7/30/16 9:27 PM received in 107 ms.
Jul 30, 2016 9:27:10 PM org.apache.catalina.startup.HostConfig deployDirectory
INFO: Deployment of web application directory D:\Tomcat_Server\Tomcat_cluester\tomcatC\webapps\cluster has finished in 567 ms
Jul 30, 2016 9:27:10 PM org.apache.catalina.startup.HostConfig deployDirectory
INFO: Deploying web application directory D:\Tomcat_Server\Tomcat_cluester\tomcatC\webapps\docs
Jul 30, 2016 9:27:10 PM org.apache.catalina.startup.HostConfig deployDirectory
INFO: Deployment of web application directory D:\Tomcat_Server\Tomcat_cluester\tomcatC\webapps\docs has finished in 54 ms
Jul 30, 2016 9:27:10 PM org.apache.catalina.startup.HostConfig deployDirectory
INFO: Deploying web application directory D:\Tomcat_Server\Tomcat_cluester\tomcatC\webapps\examples
Jul 30, 2016 9:27:10 PM org.apache.catalina.startup.HostConfig deployDirectory
INFO: Deployment of web application directory D:\Tomcat_Server\Tomcat_cluester\tomcatC\webapps\examples has finished in 277 ms
Jul 30, 2016 9:27:10 PM org.apache.catalina.startup.HostConfig deployDirectory
INFO: Deploying web application directory D:\Tomcat_Server\Tomcat_cluester\tomcatC\webapps\host-manager
Jul 30, 2016 9:27:11 PM org.apache.catalina.startup.HostConfig deployDirectory
INFO: Deployment of web application directory D:\Tomcat_Server\Tomcat_cluester\tomcatC\webapps\host-manager has finished in 76 ms
Jul 30, 2016 9:27:11 PM org.apache.catalina.startup.HostConfig deployDirectory
INFO: Deploying web application directory D:\Tomcat_Server\Tomcat_cluester\tomcatC\webapps\manager
Jul 30, 2016 9:27:11 PM org.apache.catalina.startup.HostConfig deployDirectory
INFO: Deployment of web application directory D:\Tomcat_Server\Tomcat_cluester\tomcatC\webapps\manager has finished in 67 ms
Jul 30, 2016 9:27:11 PM org.apache.catalina.startup.HostConfig deployDirectory
INFO: Deploying web application directory D:\Tomcat_Server\Tomcat_cluester\tomcatC\webapps\ROOT
Jul 30, 2016 9:27:11 PM org.apache.catalina.startup.HostConfig deployDirectory
INFO: Deployment of web application directory D:\Tomcat_Server\Tomcat_cluester\tomcatC\webapps\ROOT has finished in 61 ms
Jul 30, 2016 9:27:11 PM org.apache.catalina.ha.session.JvmRouteBinderValve startInternal
INFO: JvmRouteBinderValve started
Jul 30, 2016 9:27:11 PM org.apache.coyote.AbstractProtocol start
INFO: Starting ProtocolHandler ["http-bio-8083"]
Jul 30, 2016 9:27:11 PM org.apache.coyote.AbstractProtocol start
INFO: Starting ProtocolHandler ["ajp-bio-8309"]
Jul 30, 2016 9:27:11 PM org.apache.catalina.startup.Catalina start
INFO: Server startup in 3340 ms
